<?xml version="1.0" encoding="UTF-8"?>
<!-- Generated by org.testng.reporters.JUnitReportReporter -->
<testsuite skipped="0" hostname="LAPTOP-4OVFA4F1" name="MakeMyTrip.TestCase.HomePageTest" tests="2" failures="0" timestamp="23 Apr 2019 04:29:37 GMT" time="24.782" errors="0">
  <testcase name="MakeMyTripHomePageTitleTest" time="10.052" classname="MakeMyTrip.TestCase.HomePageTest"/>
  <testcase name="MakeMyTripHomePageElementTest" time="14.730" classname="MakeMyTrip.TestCase.HomePageTest"/>
</testsuite> <!-- MakeMyTrip.TestCase.HomePageTest -->
